  [1m[36m (2.5ms)[0m  [1mCREATE TABLE "schema_migrations" ("version" varchar NOT NULL) [0m
  [1m[35m (0.1ms)[0m  select sqlite_version(*)
  [1m[36m (2.0ms)[0m  [1mCREATE UNIQUE INDEX "unique_schema_migrations" ON "schema_migrations" ("version")[0m
  [1m[35mActiveRecord::SchemaMigration Load (0.1ms)[0m  SELECT "schema_migrations".* FROM "schema_migrations"
Migrating to CreateCorgis (20160602040832)
  [1m[36mActiveRecord::SchemaMigration Load (0.2ms)[0m  [1mSELECT "schema_migrations".* FROM "schema_migrations"[0m
Migrating to CreateCorgis (20160602040832)
  [1m[35m (0.2ms)[0m  begin transaction
  [1m[36m (0.7ms)[0m  [1mCREATE TABLE "corgis" ("id" INTEGER PRIMARY KEY AUTOINCREMENT NOT NULL, "name" varchar NOT NULL, "created_at" datetime NOT NULL, "updated_at" datetime NOT NULL) [0m
  [1m[35mSQL (0.4ms)[0m  INSERT INTO "schema_migrations" ("version") VALUES (?)  [["version", "20160602040832"]]
  [1m[36m (2.2ms)[0m  [1mcommit transaction[0m
Migrating to CreateCats (20160602040839)
  [1m[35m (0.1ms)[0m  begin transaction
  [1m[36m (0.6ms)[0m  [1mCREATE TABLE "cats" ("id" INTEGER PRIMARY KEY AUTOINCREMENT NOT NULL, "name" varchar NOT NULL, "created_at" datetime NOT NULL, "updated_at" datetime NOT NULL) [0m
  [1m[35mSQL (0.3ms)[0m  INSERT INTO "schema_migrations" ("version") VALUES (?)  [["version", "20160602040839"]]
  [1m[36m (4.1ms)[0m  [1mcommit transaction[0m
  [1m[35mActiveRecord::SchemaMigration Load (0.2ms)[0m  SELECT "schema_migrations".* FROM "schema_migrations"
  [1m[36m (2.7ms)[0m  [1mDROP TABLE "cats"[0m
  [1m[35m (3.8ms)[0m  CREATE TABLE "cats" ("id" INTEGER PRIMARY KEY AUTOINCREMENT NOT NULL, "name" varchar NOT NULL, "created_at" datetime NOT NULL, "updated_at" datetime NOT NULL) 
  [1m[36m (3.1ms)[0m  [1mDROP TABLE "corgis"[0m
  [1m[35m (3.8ms)[0m  CREATE TABLE "corgis" ("id" INTEGER PRIMARY KEY AUTOINCREMENT NOT NULL, "name" varchar NOT NULL, "created_at" datetime NOT NULL, "updated_at" datetime NOT NULL) 
  [1m[36m (0.1ms)[0m  [1mSELECT version FROM "schema_migrations"[0m
  [1m[35m (2.9ms)[0m  CREATE TABLE "cats" ("id" INTEGER PRIMARY KEY AUTOINCREMENT NOT NULL, "name" varchar NOT NULL, "created_at" datetime NOT NULL, "updated_at" datetime NOT NULL) 
  [1m[36m (3.1ms)[0m  [1mCREATE TABLE "corgis" ("id" INTEGER PRIMARY KEY AUTOINCREMENT NOT NULL, "name" varchar NOT NULL, "created_at" datetime NOT NULL, "updated_at" datetime NOT NULL) [0m
  [1m[35m (3.5ms)[0m  CREATE TABLE "schema_migrations" ("version" varchar NOT NULL) 
  [1m[36m (0.1ms)[0m  [1mselect sqlite_version(*)[0m
  [1m[35m (3.7ms)[0m  CREATE UNIQUE INDEX "unique_schema_migrations" ON "schema_migrations" ("version")
  [1m[36m (0.4ms)[0m  [1mSELECT version FROM "schema_migrations"[0m
  [1m[35m (3.7ms)[0m  INSERT INTO "schema_migrations" (version) VALUES ('20160602040839')
  [1m[36m (4.4ms)[0m  [1mINSERT INTO "schema_migrations" (version) VALUES ('20160602040832')[0m
  [1m[35mActiveRecord::SchemaMigration Load (0.1ms)[0m  SELECT "schema_migrations".* FROM "schema_migrations"
  [1m[36m (0.1ms)[0m  [1mbegin transaction[0m
  [1m[35mSQL (0.3ms)[0m  INSERT INTO "corgis" ("name", "created_at", "updated_at") VALUES (?, ?, ?)  [["name", "Rosalee"], ["created_at", "2016-10-07 16:14:44.025807"], ["updated_at", "2016-10-07 16:14:44.025807"]]
  [1m[36m (2.7ms)[0m  [1mcommit transaction[0m
  [1m[35m (0.2ms)[0m  begin transaction
  [1m[36mSQL (0.4ms)[0m  [1mINSERT INTO "cats" ("name", "created_at", "updated_at") VALUES (?, ?, ?)[0m  [["name", "Jarrell"], ["created_at", "2016-10-07 16:14:44.035430"], ["updated_at", "2016-10-07 16:14:44.035430"]]
  [1m[35m (2.6ms)[0m  commit transaction
  [1m[36m (0.1ms)[0m  [1mbegin transaction[0m
  [1m[35mSQL (0.3ms)[0m  INSERT INTO "corgis" ("name", "created_at", "updated_at") VALUES (?, ?, ?)  [["name", "Lora"], ["created_at", "2016-10-07 16:14:44.040492"], ["updated_at", "2016-10-07 16:14:44.040492"]]
  [1m[36m (2.6ms)[0m  [1mcommit transaction[0m
  [1m[35m (0.1ms)[0m  begin transaction
  [1m[36mSQL (0.3ms)[0m  [1mINSERT INTO "cats" ("name", "created_at", "updated_at") VALUES (?, ?, ?)[0m  [["name", "Alford"], ["created_at", "2016-10-07 16:14:44.045142"], ["updated_at", "2016-10-07 16:14:44.045142"]]
  [1m[35m (2.5ms)[0m  commit transaction
  [1m[36m (0.1ms)[0m  [1mbegin transaction[0m
  [1m[35mSQL (0.2ms)[0m  INSERT INTO "corgis" ("name", "created_at", "updated_at") VALUES (?, ?, ?)  [["name", "Karlee"], ["created_at", "2016-10-07 16:14:44.049502"], ["updated_at", "2016-10-07 16:14:44.049502"]]
  [1m[36m (2.9ms)[0m  [1mcommit transaction[0m
  [1m[35m (0.1ms)[0m  begin transaction
  [1m[36mSQL (0.3ms)[0m  [1mINSERT INTO "cats" ("name", "created_at", "updated_at") VALUES (?, ?, ?)[0m  [["name", "Sedrick"], ["created_at", "2016-10-07 16:14:44.054330"], ["updated_at", "2016-10-07 16:14:44.054330"]]
  [1m[35m (2.7ms)[0m  commit transaction
  [1m[36m (0.1ms)[0m  [1mbegin transaction[0m
  [1m[35mSQL (0.3ms)[0m  INSERT INTO "corgis" ("name", "created_at", "updated_at") VALUES (?, ?, ?)  [["name", "Bennett"], ["created_at", "2016-10-07 16:14:44.058974"], ["updated_at", "2016-10-07 16:14:44.058974"]]
  [1m[36m (2.9ms)[0m  [1mcommit transaction[0m
  [1m[35m (0.1ms)[0m  begin transaction
  [1m[36mSQL (0.3ms)[0m  [1mINSERT INTO "cats" ("name", "created_at", "updated_at") VALUES (?, ?, ?)[0m  [["name", "Taryn"], ["created_at", "2016-10-07 16:14:44.064239"], ["updated_at", "2016-10-07 16:14:44.064239"]]
  [1m[35m (2.5ms)[0m  commit transaction
  [1m[36m (0.1ms)[0m  [1mbegin transaction[0m
  [1m[35mSQL (0.4ms)[0m  INSERT INTO "corgis" ("name", "created_at", "updated_at") VALUES (?, ?, ?)  [["name", "Barton"], ["created_at", "2016-10-07 16:14:44.069070"], ["updated_at", "2016-10-07 16:14:44.069070"]]
  [1m[36m (2.7ms)[0m  [1mcommit transaction[0m
  [1m[35m (0.1ms)[0m  begin transaction
  [1m[36mSQL (0.3ms)[0m  [1mINSERT INTO "cats" ("name", "created_at", "updated_at") VALUES (?, ?, ?)[0m  [["name", "Erling"], ["created_at", "2016-10-07 16:14:44.074111"], ["updated_at", "2016-10-07 16:14:44.074111"]]
  [1m[35m (2.4ms)[0m  commit transaction
  [1m[36m (0.1ms)[0m  [1mbegin transaction[0m
  [1m[35mSQL (0.3ms)[0m  INSERT INTO "corgis" ("name", "created_at", "updated_at") VALUES (?, ?, ?)  [["name", "Macey"], ["created_at", "2016-10-07 16:14:44.078496"], ["updated_at", "2016-10-07 16:14:44.078496"]]
  [1m[36m (2.7ms)[0m  [1mcommit transaction[0m
  [1m[35m (0.1ms)[0m  begin transaction
  [1m[36mSQL (0.2ms)[0m  [1mINSERT INTO "cats" ("name", "created_at", "updated_at") VALUES (?, ?, ?)[0m  [["name", "Clinton"], ["created_at", "2016-10-07 16:14:44.083529"], ["updated_at", "2016-10-07 16:14:44.083529"]]
  [1m[35m (2.6ms)[0m  commit transaction
  [1m[36m (0.1ms)[0m  [1mbegin transaction[0m
  [1m[35mSQL (0.3ms)[0m  INSERT INTO "corgis" ("name", "created_at", "updated_at") VALUES (?, ?, ?)  [["name", "Jesus"], ["created_at", "2016-10-07 16:14:44.088121"], ["updated_at", "2016-10-07 16:14:44.088121"]]
  [1m[36m (2.4ms)[0m  [1mcommit transaction[0m
  [1m[35m (0.1ms)[0m  begin transaction
  [1m[36mSQL (0.2ms)[0m  [1mINSERT INTO "cats" ("name", "created_at", "updated_at") VALUES (?, ?, ?)[0m  [["name", "Amely"], ["created_at", "2016-10-07 16:14:44.092667"], ["updated_at", "2016-10-07 16:14:44.092667"]]
  [1m[35m (3.1ms)[0m  commit transaction
  [1m[36m (0.1ms)[0m  [1mbegin transaction[0m
  [1m[35mSQL (0.3ms)[0m  INSERT INTO "corgis" ("name", "created_at", "updated_at") VALUES (?, ?, ?)  [["name", "Beaulah"], ["created_at", "2016-10-07 16:14:44.097670"], ["updated_at", "2016-10-07 16:14:44.097670"]]
  [1m[36m (2.5ms)[0m  [1mcommit transaction[0m
  [1m[35m (0.1ms)[0m  begin transaction
  [1m[36mSQL (0.4ms)[0m  [1mINSERT INTO "cats" ("name", "created_at", "updated_at") VALUES (?, ?, ?)[0m  [["name", "Brianne"], ["created_at", "2016-10-07 16:14:44.102685"], ["updated_at", "2016-10-07 16:14:44.102685"]]
  [1m[35m (2.7ms)[0m  commit transaction
  [1m[36m (0.1ms)[0m  [1mbegin transaction[0m
  [1m[35mSQL (0.3ms)[0m  INSERT INTO "corgis" ("name", "created_at", "updated_at") VALUES (?, ?, ?)  [["name", "Zack"], ["created_at", "2016-10-07 16:14:44.108043"], ["updated_at", "2016-10-07 16:14:44.108043"]]
  [1m[36m (2.6ms)[0m  [1mcommit transaction[0m
  [1m[35m (0.1ms)[0m  begin transaction
  [1m[36mSQL (0.5ms)[0m  [1mINSERT INTO "cats" ("name", "created_at", "updated_at") VALUES (?, ?, ?)[0m  [["name", "Colt"], ["created_at", "2016-10-07 16:14:44.113002"], ["updated_at", "2016-10-07 16:14:44.113002"]]
  [1m[35m (2.6ms)[0m  commit transaction
  [1m[36m (0.1ms)[0m  [1mbegin transaction[0m
  [1m[35mSQL (0.2ms)[0m  INSERT INTO "corgis" ("name", "created_at", "updated_at") VALUES (?, ?, ?)  [["name", "Felipa"], ["created_at", "2016-10-07 16:14:44.118246"], ["updated_at", "2016-10-07 16:14:44.118246"]]
  [1m[36m (2.5ms)[0m  [1mcommit transaction[0m
  [1m[35m (0.1ms)[0m  begin transaction
  [1m[36mSQL (0.3ms)[0m  [1mINSERT INTO "cats" ("name", "created_at", "updated_at") VALUES (?, ?, ?)[0m  [["name", "Prince"], ["created_at", "2016-10-07 16:14:44.122527"], ["updated_at", "2016-10-07 16:14:44.122527"]]
  [1m[35m (2.7ms)[0m  commit transaction
  [1m[36mActiveRecord::SchemaMigration Load (0.1ms)[0m  [1mSELECT "schema_migrations".* FROM "schema_migrations"[0m
Migrating to Toy (20161007161507)
  [1m[36mActiveRecord::SchemaMigration Load (0.1ms)[0m  [1mSELECT "schema_migrations".* FROM "schema_migrations"[0m
Migrating to Toy (20161007161507)
  [1m[36mActiveRecord::SchemaMigration Load (0.1ms)[0m  [1mSELECT "schema_migrations".* FROM "schema_migrations"[0m
Migrating to Toy (20161007161507)
  [1m[36mActiveRecord::SchemaMigration Load (0.1ms)[0m  [1mSELECT "schema_migrations".* FROM "schema_migrations"[0m
Migrating to Toy (20161007161507)
  [1m[36mActiveRecord::SchemaMigration Load (0.1ms)[0m  [1mSELECT "schema_migrations".* FROM "schema_migrations"[0m
Migrating to CreateToys (20161007161507)
  [1m[36mActiveRecord::SchemaMigration Load (0.1ms)[0m  [1mSELECT "schema_migrations".* FROM "schema_migrations"[0m
Migrating to CreateToys (20161007162113)
  [1m[35m (0.1ms)[0m  begin transaction
  [1m[36m (0.5ms)[0m  [1mCREATE TABLE "toys" ("id" INTEGER PRIMARY KEY AUTOINCREMENT NOT NULL, "name" varchar NOT NULL, "toyable_id" integer, "toyable_type" varchar, "created_at" datetime NOT NULL, "updated_at" datetime NOT NULL) [0m
  [1m[35m (0.1ms)[0m  select sqlite_version(*)
  [1m[36m (0.1ms)[0m  [1mCREATE  INDEX "index_toys_on_toyable_type_and_toyable_id" ON "toys" ("toyable_type", "toyable_id")[0m
  [1m[35mSQL (0.2ms)[0m  INSERT INTO "schema_migrations" ("version") VALUES (?)  [["version", "20161007162113"]]
  [1m[36m (2.6ms)[0m  [1mcommit transaction[0m
  [1m[35mActiveRecord::SchemaMigration Load (0.1ms)[0m  SELECT "schema_migrations".* FROM "schema_migrations"
  [1m[36m (0.2ms)[0m  [1m            SELECT sql
            FROM sqlite_master
            WHERE name='index_toys_on_toyable_type_and_toyable_id' AND type='index'
            UNION ALL
            SELECT sql
            FROM sqlite_temp_master
            WHERE name='index_toys_on_toyable_type_and_toyable_id' AND type='index'
[0m
  [1m[36m (2.9ms)[0m  [1mCREATE TABLE "cats" ("id" INTEGER PRIMARY KEY AUTOINCREMENT NOT NULL, "name" varchar NOT NULL, "created_at" datetime NOT NULL, "updated_at" datetime NOT NULL) [0m
  [1m[35m (3.1ms)[0m  CREATE TABLE "corgis" ("id" INTEGER PRIMARY KEY AUTOINCREMENT NOT NULL, "name" varchar NOT NULL, "created_at" datetime NOT NULL, "updated_at" datetime NOT NULL) 
  [1m[36m (3.0ms)[0m  [1mCREATE TABLE "toys" ("id" INTEGER PRIMARY KEY AUTOINCREMENT NOT NULL, "name" varchar NOT NULL, "toyable_id" integer, "toyable_type" varchar, "created_at" datetime NOT NULL, "updated_at" datetime NOT NULL) [0m
  [1m[35m (0.1ms)[0m  select sqlite_version(*)
  [1m[36m (2.9ms)[0m  [1mCREATE  INDEX "index_toys_on_toyable_type_and_toyable_id" ON "toys" ("toyable_type", "toyable_id")[0m
  [1m[35m (3.5ms)[0m  CREATE TABLE "schema_migrations" ("version" varchar NOT NULL) 
  [1m[36m (3.2ms)[0m  [1mCREATE UNIQUE INDEX "unique_schema_migrations" ON "schema_migrations" ("version")[0m
  [1m[35m (0.1ms)[0m  SELECT version FROM "schema_migrations"
  [1m[36m (3.3ms)[0m  [1mINSERT INTO "schema_migrations" (version) VALUES ('20161007162113')[0m
  [1m[35m (4.2ms)[0m  INSERT INTO "schema_migrations" (version) VALUES ('20160602040832')
  [1m[36m (3.9ms)[0m  [1mINSERT INTO "schema_migrations" (version) VALUES ('20160602040839')[0m
  [1m[35m (2.8ms)[0m  CREATE TABLE "cats" ("id" INTEGER PRIMARY KEY AUTOINCREMENT NOT NULL, "name" varchar NOT NULL, "created_at" datetime NOT NULL, "updated_at" datetime NOT NULL) 
  [1m[36m (3.0ms)[0m  [1mCREATE TABLE "corgis" ("id" INTEGER PRIMARY KEY AUTOINCREMENT NOT NULL, "name" varchar NOT NULL, "created_at" datetime NOT NULL, "updated_at" datetime NOT NULL) [0m
  [1m[35m (7.0ms)[0m  CREATE TABLE "toys" ("id" INTEGER PRIMARY KEY AUTOINCREMENT NOT NULL, "name" varchar NOT NULL, "toyable_id" integer, "toyable_type" varchar, "created_at" datetime NOT NULL, "updated_at" datetime NOT NULL) 
  [1m[36m (0.1ms)[0m  [1mselect sqlite_version(*)[0m
  [1m[35m (3.2ms)[0m  CREATE  INDEX "index_toys_on_toyable_type_and_toyable_id" ON "toys" ("toyable_type", "toyable_id")
  [1m[36m (3.1ms)[0m  [1mCREATE TABLE "schema_migrations" ("version" varchar NOT NULL) [0m
  [1m[35m (6.7ms)[0m  CREATE UNIQUE INDEX "unique_schema_migrations" ON "schema_migrations" ("version")
  [1m[36m (0.2ms)[0m  [1mSELECT version FROM "schema_migrations"[0m
  [1m[35m (3.1ms)[0m  INSERT INTO "schema_migrations" (version) VALUES ('20161007162113')
  [1m[36m (3.0ms)[0m  [1mINSERT INTO "schema_migrations" (version) VALUES ('20160602040832')[0m
  [1m[35m (1.6ms)[0m  INSERT INTO "schema_migrations" (version) VALUES ('20160602040839')
  [1m[36mActiveRecord::SchemaMigration Load (0.2ms)[0m  [1mSELECT "schema_migrations".* FROM "schema_migrations"[0m
  [1m[35m (0.1ms)[0m  begin transaction
  [1m[36mSQL (0.3ms)[0m  [1mINSERT INTO "corgis" ("name", "created_at", "updated_at") VALUES (?, ?, ?)[0m  [["name", "Samanta"], ["created_at", "2016-10-07 16:26:12.445788"], ["updated_at", "2016-10-07 16:26:12.445788"]]
  [1m[35m (2.4ms)[0m  commit transaction
  [1m[36m (3.4ms)[0m  [1mCREATE TABLE "cats" ("id" INTEGER PRIMARY KEY AUTOINCREMENT NOT NULL, "name" varchar NOT NULL, "created_at" datetime NOT NULL, "updated_at" datetime NOT NULL) [0m
  [1m[35m (2.9ms)[0m  CREATE TABLE "corgis" ("id" INTEGER PRIMARY KEY AUTOINCREMENT NOT NULL, "name" varchar NOT NULL, "created_at" datetime NOT NULL, "updated_at" datetime NOT NULL) 
  [1m[36m (2.8ms)[0m  [1mCREATE TABLE "toys" ("id" INTEGER PRIMARY KEY AUTOINCREMENT NOT NULL, "name" varchar NOT NULL, "toyable_id" integer, "toyable_type" varchar, "created_at" datetime NOT NULL, "updated_at" datetime NOT NULL) [0m
  [1m[35m (0.1ms)[0m  select sqlite_version(*)
  [1m[36m (6.2ms)[0m  [1mCREATE  INDEX "index_toys_on_toyable_type_and_toyable_id" ON "toys" ("toyable_type", "toyable_id")[0m
  [1m[35m (3.4ms)[0m  CREATE TABLE "schema_migrations" ("version" varchar NOT NULL) 
  [1m[36m (3.6ms)[0m  [1mCREATE UNIQUE INDEX "unique_schema_migrations" ON "schema_migrations" ("version")[0m
  [1m[35m (0.2ms)[0m  SELECT version FROM "schema_migrations"
  [1m[36m (3.4ms)[0m  [1mINSERT INTO "schema_migrations" (version) VALUES ('20161007162113')[0m
  [1m[35m (7.8ms)[0m  INSERT INTO "schema_migrations" (version) VALUES ('20160602040832')
  [1m[36m (3.3ms)[0m  [1mINSERT INTO "schema_migrations" (version) VALUES ('20160602040839')[0m
  [1m[35m (3.0ms)[0m  CREATE TABLE "cats" ("id" INTEGER PRIMARY KEY AUTOINCREMENT NOT NULL, "name" varchar NOT NULL, "created_at" datetime NOT NULL, "updated_at" datetime NOT NULL) 
  [1m[36m (3.4ms)[0m  [1mCREATE TABLE "corgis" ("id" INTEGER PRIMARY KEY AUTOINCREMENT NOT NULL, "name" varchar NOT NULL, "created_at" datetime NOT NULL, "updated_at" datetime NOT NULL) [0m
  [1m[35m (7.7ms)[0m  CREATE TABLE "toys" ("id" INTEGER PRIMARY KEY AUTOINCREMENT NOT NULL, "name" varchar NOT NULL, "toyable_id" integer, "toyable_type" varchar, "created_at" datetime NOT NULL, "updated_at" datetime NOT NULL) 
  [1m[36m (0.1ms)[0m  [1mselect sqlite_version(*)[0m
  [1m[35m (3.5ms)[0m  CREATE  INDEX "index_toys_on_toyable_type_and_toyable_id" ON "toys" ("toyable_type", "toyable_id")
  [1m[36m (4.0ms)[0m  [1mCREATE TABLE "schema_migrations" ("version" varchar NOT NULL) [0m
  [1m[35m (3.3ms)[0m  CREATE UNIQUE INDEX "unique_schema_migrations" ON "schema_migrations" ("version")
  [1m[36m (0.1ms)[0m  [1mSELECT version FROM "schema_migrations"[0m
  [1m[35m (3.7ms)[0m  INSERT INTO "schema_migrations" (version) VALUES ('20161007162113')
  [1m[36m (3.9ms)[0m  [1mINSERT INTO "schema_migrations" (version) VALUES ('20160602040832')[0m
  [1m[35m (3.8ms)[0m  INSERT INTO "schema_migrations" (version) VALUES ('20160602040839')
  [1m[36mActiveRecord::SchemaMigration Load (0.1ms)[0m  [1mSELECT "schema_migrations".* FROM "schema_migrations"[0m
  [1m[35m (0.1ms)[0m  begin transaction
  [1m[36mSQL (0.3ms)[0m  [1mINSERT INTO "corgis" ("name", "created_at", "updated_at") VALUES (?, ?, ?)[0m  [["name", "Joel"], ["created_at", "2016-10-07 16:26:33.903775"], ["updated_at", "2016-10-07 16:26:33.903775"]]
  [1m[35m (2.4ms)[0m  commit transaction
  [1m[36mActiveRecord::SchemaMigration Load (0.1ms)[0m  [1mSELECT "schema_migrations".* FROM "schema_migrations"[0m
  [1m[35m (0.1ms)[0m  begin transaction
  [1m[36mSQL (0.8ms)[0m  [1mINSERT INTO "corgis" ("name", "created_at", "updated_at") VALUES (?, ?, ?)[0m  [["name", "Cleo"], ["created_at", "2016-10-07 16:27:40.682135"], ["updated_at", "2016-10-07 16:27:40.682135"]]
  [1m[35m (2.3ms)[0m  commit transaction
  [1m[36m (0.1ms)[0m  [1mbegin transaction[0m
  [1m[35mSQL (0.4ms)[0m  INSERT INTO "cats" ("name", "created_at", "updated_at") VALUES (?, ?, ?)  [["name", "Darius"], ["created_at", "2016-10-07 16:27:40.693048"], ["updated_at", "2016-10-07 16:27:40.693048"]]
  [1m[36m (2.5ms)[0m  [1mcommit transaction[0m
  [1m[35m (0.1ms)[0m  begin transaction
  [1m[36mSQL (0.4ms)[0m  [1mINSERT INTO "corgis" ("name", "created_at", "updated_at") VALUES (?, ?, ?)[0m  [["name", "Beaulah"], ["created_at", "2016-10-07 16:27:40.698469"], ["updated_at", "2016-10-07 16:27:40.698469"]]
  [1m[35m (2.3ms)[0m  commit transaction
  [1m[36m (0.1ms)[0m  [1mbegin transaction[0m
  [1m[35mSQL (0.4ms)[0m  INSERT INTO "cats" ("name", "created_at", "updated_at") VALUES (?, ?, ?)  [["name", "Rocio"], ["created_at", "2016-10-07 16:27:40.703380"], ["updated_at", "2016-10-07 16:27:40.703380"]]
  [1m[36m (2.5ms)[0m  [1mcommit transaction[0m
  [1m[35m (0.1ms)[0m  begin transaction
  [1m[36mSQL (0.3ms)[0m  [1mINSERT INTO "corgis" ("name", "created_at", "updated_at") VALUES (?, ?, ?)[0m  [["name", "Kevin"], ["created_at", "2016-10-07 16:27:40.708338"], ["updated_at", "2016-10-07 16:27:40.708338"]]
  [1m[35m (2.6ms)[0m  commit transaction
  [1m[36m (0.1ms)[0m  [1mbegin transaction[0m
  [1m[35mSQL (0.8ms)[0m  INSERT INTO "cats" ("name", "created_at", "updated_at") VALUES (?, ?, ?)  [["name", "Octavia"], ["created_at", "2016-10-07 16:27:40.712920"], ["updated_at", "2016-10-07 16:27:40.712920"]]
  [1m[36m (2.7ms)[0m  [1mcommit transaction[0m
  [1m[35m (0.1ms)[0m  begin transaction
  [1m[36mSQL (0.3ms)[0m  [1mINSERT INTO "corgis" ("name", "created_at", "updated_at") VALUES (?, ?, ?)[0m  [["name", "Friedrich"], ["created_at", "2016-10-07 16:27:40.719247"], ["updated_at", "2016-10-07 16:27:40.719247"]]
  [1m[35m (2.5ms)[0m  commit transaction
  [1m[36m (0.1ms)[0m  [1mbegin transaction[0m
  [1m[35mSQL (0.2ms)[0m  INSERT INTO "cats" ("name", "created_at", "updated_at") VALUES (?, ?, ?)  [["name", "Arnulfo"], ["created_at", "2016-10-07 16:27:40.723781"], ["updated_at", "2016-10-07 16:27:40.723781"]]
  [1m[36m (2.5ms)[0m  [1mcommit transaction[0m
  [1m[35m (0.1ms)[0m  begin transaction
  [1m[36mSQL (0.3ms)[0m  [1mINSERT INTO "corgis" ("name", "created_at", "updated_at") VALUES (?, ?, ?)[0m  [["name", "Chad"], ["created_at", "2016-10-07 16:27:40.728148"], ["updated_at", "2016-10-07 16:27:40.728148"]]
  [1m[35m (2.5ms)[0m  commit transaction
  [1m[36m (0.1ms)[0m  [1mbegin transaction[0m
  [1m[35mSQL (0.2ms)[0m  INSERT INTO "cats" ("name", "created_at", "updated_at") VALUES (?, ?, ?)  [["name", "Anastacio"], ["created_at", "2016-10-07 16:27:40.733323"], ["updated_at", "2016-10-07 16:27:40.733323"]]
  [1m[36m (3.4ms)[0m  [1mcommit transaction[0m
  [1m[35m (0.1ms)[0m  begin transaction
  [1m[36mSQL (0.3ms)[0m  [1mINSERT INTO "corgis" ("name", "created_at", "updated_at") VALUES (?, ?, ?)[0m  [["name", "Jaida"], ["created_at", "2016-10-07 16:27:40.738947"], ["updated_at", "2016-10-07 16:27:40.738947"]]
  [1m[35m (2.5ms)[0m  commit transaction
  [1m[36m (0.1ms)[0m  [1mbegin transaction[0m
  [1m[35mSQL (0.3ms)[0m  INSERT INTO "cats" ("name", "created_at", "updated_at") VALUES (?, ?, ?)  [["name", "Chadd"], ["created_at", "2016-10-07 16:27:40.744324"], ["updated_at", "2016-10-07 16:27:40.744324"]]
  [1m[36m (6.0ms)[0m  [1mcommit transaction[0m
  [1m[35m (0.1ms)[0m  begin transaction
  [1m[36mSQL (0.4ms)[0m  [1mINSERT INTO "corgis" ("name", "created_at", "updated_at") VALUES (?, ?, ?)[0m  [["name", "Stella"], ["created_at", "2016-10-07 16:27:40.752311"], ["updated_at", "2016-10-07 16:27:40.752311"]]
  [1m[35m (2.6ms)[0m  commit transaction
  [1m[36m (0.1ms)[0m  [1mbegin transaction[0m
  [1m[35mSQL (0.3ms)[0m  INSERT INTO "cats" ("name", "created_at", "updated_at") VALUES (?, ?, ?)  [["name", "Jennifer"], ["created_at", "2016-10-07 16:27:40.757244"], ["updated_at", "2016-10-07 16:27:40.757244"]]
  [1m[36m (2.6ms)[0m  [1mcommit transaction[0m
  [1m[35m (0.1ms)[0m  begin transaction
  [1m[36mSQL (1.0ms)[0m  [1mINSERT INTO "corgis" ("name", "created_at", "updated_at") VALUES (?, ?, ?)[0m  [["name", "Darien"], ["created_at", "2016-10-07 16:27:40.762076"], ["updated_at", "2016-10-07 16:27:40.762076"]]
  [1m[35m (3.2ms)[0m  commit transaction
  [1m[36m (0.1ms)[0m  [1mbegin transaction[0m
  [1m[35mSQL (0.2ms)[0m  INSERT INTO "cats" ("name", "created_at", "updated_at") VALUES (?, ?, ?)  [["name", "Dahlia"], ["created_at", "2016-10-07 16:27:40.769077"], ["updated_at", "2016-10-07 16:27:40.769077"]]
  [1m[36m (2.4ms)[0m  [1mcommit transaction[0m
  [1m[35m (0.1ms)[0m  begin transaction
  [1m[36mSQL (0.4ms)[0m  [1mINSERT INTO "corgis" ("name", "created_at", "updated_at") VALUES (?, ?, ?)[0m  [["name", "Joaquin"], ["created_at", "2016-10-07 16:27:40.773235"], ["updated_at", "2016-10-07 16:27:40.773235"]]
  [1m[35m (2.7ms)[0m  commit transaction
  [1m[36m (0.1ms)[0m  [1mbegin transaction[0m
  [1m[35mSQL (0.3ms)[0m  INSERT INTO "cats" ("name", "created_at", "updated_at") VALUES (?, ?, ?)  [["name", "Ramon"], ["created_at", "2016-10-07 16:27:40.778091"], ["updated_at", "2016-10-07 16:27:40.778091"]]
  [1m[36m (3.0ms)[0m  [1mcommit transaction[0m
  [1m[35m (0.1ms)[0m  begin transaction
  [1m[36mSQL (0.3ms)[0m  [1mINSERT INTO "corgis" ("name", "created_at", "updated_at") VALUES (?, ?, ?)[0m  [["name", "Darion"], ["created_at", "2016-10-07 16:27:40.784342"], ["updated_at", "2016-10-07 16:27:40.784342"]]
  [1m[35m (2.5ms)[0m  commit transaction
  [1m[36m (0.1ms)[0m  [1mbegin transaction[0m
  [1m[35mSQL (0.3ms)[0m  INSERT INTO "cats" ("name", "created_at", "updated_at") VALUES (?, ?, ?)  [["name", "Amy"], ["created_at", "2016-10-07 16:27:40.789426"], ["updated_at", "2016-10-07 16:27:40.789426"]]
  [1m[36m (2.5ms)[0m  [1mcommit transaction[0m
  [1m[35m (0.1ms)[0m  begin transaction
  [1m[36mSQL (0.4ms)[0m  [1mINSERT INTO "toys" ("name", "toyable_id", "toyable_type", "created_at", "updated_at") VALUES (?, ?, ?, ?, ?)[0m  [["name", "Firestar Girl"], ["toyable_id", 6], ["toyable_type", "Cat"], ["created_at", "2016-10-07 16:27:40.803770"], ["updated_at", "2016-10-07 16:27:40.803770"]]
  [1m[35m (2.6ms)[0m  commit transaction
  [1m[36m (0.1ms)[0m  [1mbegin transaction[0m
  [1m[35mSQL (0.3ms)[0m  INSERT INTO "toys" ("name", "toyable_id", "toyable_type", "created_at", "updated_at") VALUES (?, ?, ?, ?, ?)  [["name", "Red Goku"], ["toyable_id", 11], ["toyable_type", "Corgi"], ["created_at", "2016-10-07 16:27:40.809271"], ["updated_at", "2016-10-07 16:27:40.809271"]]
  [1m[36m (2.8ms)[0m  [1mcommit transaction[0m
  [1m[35m (0.2ms)[0m  begin transaction
  [1m[36mSQL (0.4ms)[0m  [1mINSERT INTO "toys" ("name", "toyable_id", "toyable_type", "created_at", "updated_at") VALUES (?, ?, ?, ?, ?)[0m  [["name", "Mystique Ivy"], ["toyable_id", 4], ["toyable_type", "Cat"], ["created_at", "2016-10-07 16:27:40.816701"], ["updated_at", "2016-10-07 16:27:40.816701"]]
  [1m[35m (2.6ms)[0m  commit transaction
  [1m[36m (0.1ms)[0m  [1mbegin transaction[0m
  [1m[35mSQL (0.3ms)[0m  INSERT INTO "toys" ("name", "toyable_id", "toyable_type", "created_at", "updated_at") VALUES (?, ?, ?, ?, ?)  [["name", "Giant Exodus"], ["toyable_id", 7], ["toyable_type", "Corgi"], ["created_at", "2016-10-07 16:27:40.822176"], ["updated_at", "2016-10-07 16:27:40.822176"]]
  [1m[36m (2.6ms)[0m  [1mcommit transaction[0m
  [1m[35m (0.1ms)[0m  begin transaction
  [1m[36mSQL (0.3ms)[0m  [1mINSERT INTO "toys" ("name", "toyable_id", "toyable_type", "created_at", "updated_at") VALUES (?, ?, ?, ?, ?)[0m  [["name", "Ghost"], ["toyable_id", 5], ["toyable_type", "Cat"], ["created_at", "2016-10-07 16:27:40.826990"], ["updated_at", "2016-10-07 16:27:40.826990"]]
  [1m[35m (6.0ms)[0m  commit transaction
  [1m[36m (0.1ms)[0m  [1mbegin transaction[0m
  [1m[35mSQL (0.5ms)[0m  INSERT INTO "toys" ("name", "toyable_id", "toyable_type", "created_at", "updated_at") VALUES (?, ?, ?, ?, ?)  [["name", "Energy"], ["toyable_id", 8], ["toyable_type", "Corgi"], ["created_at", "2016-10-07 16:27:40.835118"], ["updated_at", "2016-10-07 16:27:40.835118"]]
  [1m[36m (2.7ms)[0m  [1mcommit transaction[0m
  [1m[35m (0.1ms)[0m  begin transaction
  [1m[36mSQL (0.3ms)[0m  [1mINSERT INTO "toys" ("name", "toyable_id", "toyable_type", "created_at", "updated_at") VALUES (?, ?, ?, ?, ?)[0m  [["name", "Supah Thanos"], ["toyable_id", 4], ["toyable_type", "Cat"], ["created_at", "2016-10-07 16:27:40.841004"], ["updated_at", "2016-10-07 16:27:40.841004"]]
  [1m[35m (2.7ms)[0m  commit transaction
  [1m[36m (0.1ms)[0m  [1mbegin transaction[0m
  [1m[35mSQL (0.5ms)[0m  INSERT INTO "toys" ("name", "toyable_id", "toyable_type", "created_at", "updated_at") VALUES (?, ?, ?, ?, ?)  [["name", "Captain Ultron Fist"], ["toyable_id", 5], ["toyable_type", "Cat"], ["created_at", "2016-10-07 16:27:40.845917"], ["updated_at", "2016-10-07 16:27:40.845917"]]
  [1m[36m (2.5ms)[0m  [1mcommit transaction[0m
  [1m[35m (0.1ms)[0m  begin transaction
  [1m[36mSQL (0.3ms)[0m  [1mINSERT INTO "toys" ("name", "toyable_id", "toyable_type", "created_at", "updated_at") VALUES (?, ?, ?, ?, ?)[0m  [["name", "Dark Demogoblin XI"], ["toyable_id", 3], ["toyable_type", "Corgi"], ["created_at", "2016-10-07 16:27:40.850847"], ["updated_at", "2016-10-07 16:27:40.850847"]]
  [1m[35m (3.0ms)[0m  commit transaction
  [1m[36m (0.1ms)[0m  [1mbegin transaction[0m
  [1m[35mSQL (0.3ms)[0m  INSERT INTO "toys" ("name", "toyable_id", "toyable_type", "created_at", "updated_at") VALUES (?, ?, ?, ?, ?)  [["name", "General Atom Lord"], ["toyable_id", 3], ["toyable_type", "Corgi"], ["created_at", "2016-10-07 16:27:40.855720"], ["updated_at", "2016-10-07 16:27:40.855720"]]
  [1m[36m (2.6ms)[0m  [1mcommit transaction[0m
  [1m[35m (0.1ms)[0m  begin transaction
  [1m[36mSQL (0.3ms)[0m  [1mINSERT INTO "toys" ("name", "toyable_id", "toyable_type", "created_at", "updated_at") VALUES (?, ?, ?, ?, ?)[0m  [["name", "Warpath the Fated"], ["toyable_id", 9], ["toyable_type", "Cat"], ["created_at", "2016-10-07 16:27:40.860154"], ["updated_at", "2016-10-07 16:27:40.860154"]]
  [1m[35m (4.2ms)[0m  commit transaction
  [1m[36m (0.1ms)[0m  [1mbegin transaction[0m
  [1m[35mSQL (0.3ms)[0m  INSERT INTO "toys" ("name", "toyable_id", "toyable_type", "created_at", "updated_at") VALUES (?, ?, ?, ?, ?)  [["name", "Thanos"], ["toyable_id", 10], ["toyable_type", "Cat"], ["created_at", "2016-10-07 16:27:40.866589"], ["updated_at", "2016-10-07 16:27:40.866589"]]
  [1m[36m (5.1ms)[0m  [1mcommit transaction[0m
  [1m[35m (0.1ms)[0m  begin transaction
  [1m[36mSQL (0.3ms)[0m  [1mINSERT INTO "toys" ("name", "toyable_id", "toyable_type", "created_at", "updated_at") VALUES (?, ?, ?, ?, ?)[0m  [["name", "Bushido"], ["toyable_id", 5], ["toyable_type", "Corgi"], ["created_at", "2016-10-07 16:27:40.873670"], ["updated_at", "2016-10-07 16:27:40.873670"]]
  [1m[35m (2.6ms)[0m  commit transaction
  [1m[36m (0.1ms)[0m  [1mbegin transaction[0m
  [1m[35mSQL (0.3ms)[0m  INSERT INTO "toys" ("name", "toyable_id", "toyable_type", "created_at", "updated_at") VALUES (?, ?, ?, ?, ?)  [["name", "Ego Boy"], ["toyable_id", 3], ["toyable_type", "Cat"], ["created_at", "2016-10-07 16:27:40.878294"], ["updated_at", "2016-10-07 16:27:40.878294"]]
  [1m[36m (5.0ms)[0m  [1mcommit transaction[0m
  [1m[35m (0.1ms)[0m  begin transaction
  [1m[36mSQL (0.4ms)[0m  [1mINSERT INTO "toys" ("name", "toyable_id", "toyable_type", "created_at", "updated_at") VALUES (?, ?, ?, ?, ?)[0m  [["name", "Giant Dash"], ["toyable_id", 10], ["toyable_type", "Cat"], ["created_at", "2016-10-07 16:27:40.885461"], ["updated_at", "2016-10-07 16:27:40.885461"]]
  [1m[35m (2.5ms)[0m  commit transaction
  [1m[36m (0.1ms)[0m  [1mbegin transaction[0m
  [1m[35mSQL (0.3ms)[0m  INSERT INTO "toys" ("name", "toyable_id", "toyable_type", "created_at", "updated_at") VALUES (?, ?, ?, ?, ?)  [["name", "Ultra Nina Theroux Dragon"], ["toyable_id", 6], ["toyable_type", "Corgi"], ["created_at", "2016-10-07 16:27:40.890821"], ["updated_at", "2016-10-07 16:27:40.890821"]]
  [1m[36m (2.5ms)[0m  [1mcommit transaction[0m
  [1m[35m (0.1ms)[0m  begin transaction
  [1m[36mSQL (0.3ms)[0m  [1mINSERT INTO "toys" ("name", "toyable_id", "toyable_type", "created_at", "updated_at") VALUES (?, ?, ?, ?, ?)[0m  [["name", "Bird"], ["toyable_id", 4], ["toyable_type", "Cat"], ["created_at", "2016-10-07 16:27:40.895556"], ["updated_at", "2016-10-07 16:27:40.895556"]]
  [1m[35m (2.8ms)[0m  commit transaction
  [1m[36m (0.1ms)[0m  [1mbegin transaction[0m
  [1m[35mSQL (0.3ms)[0m  INSERT INTO "toys" ("name", "toyable_id", "toyable_type", "created_at", "updated_at") VALUES (?, ?, ?, ?, ?)  [["name", "Dark Bloodhawk"], ["toyable_id", 11], ["toyable_type", "Cat"], ["created_at", "2016-10-07 16:27:40.900918"], ["updated_at", "2016-10-07 16:27:40.900918"]]
  [1m[36m (2.5ms)[0m  [1mcommit transaction[0m
  [1m[35m (0.4ms)[0m  begin transaction
  [1m[36mSQL (0.4ms)[0m  [1mINSERT INTO "toys" ("name", "toyable_id", "toyable_type", "created_at", "updated_at") VALUES (?, ?, ?, ?, ?)[0m  [["name", "Dark T"], ["toyable_id", 6], ["toyable_type", "Cat"], ["created_at", "2016-10-07 16:27:40.906510"], ["updated_at", "2016-10-07 16:27:40.906510"]]
  [1m[35m (2.5ms)[0m  commit transaction
  [1m[36m (0.1ms)[0m  [1mbegin transaction[0m
  [1m[35mSQL (0.3ms)[0m  INSERT INTO "toys" ("name", "toyable_id", "toyable_type", "created_at", "updated_at") VALUES (?, ?, ?, ?, ?)  [["name", "Magneto"], ["toyable_id", 3], ["toyable_type", "Cat"], ["created_at", "2016-10-07 16:27:40.911533"], ["updated_at", "2016-10-07 16:27:40.911533"]]
  [1m[36m (6.1ms)[0m  [1mcommit transaction[0m
  [1m[35m (0.1ms)[0m  begin transaction
  [1m[36mSQL (0.3ms)[0m  [1mINSERT INTO "toys" ("name", "toyable_id", "toyable_type", "created_at", "updated_at") VALUES (?, ?, ?, ?, ?)[0m  [["name", "Magnificent Cypher"], ["toyable_id", 11], ["toyable_type", "Cat"], ["created_at", "2016-10-07 16:27:40.920584"], ["updated_at", "2016-10-07 16:27:40.920584"]]
  [1m[35m (5.4ms)[0m  commit transaction
  [1m[36m (0.1ms)[0m  [1mbegin transaction[0m
  [1m[35mSQL (0.9ms)[0m  INSERT INTO "toys" ("name", "toyable_id", "toyable_type", "created_at", "updated_at") VALUES (?, ?, ?, ?, ?)  [["name", "Agent Ant"], ["toyable_id", 3], ["toyable_type", "Cat"], ["created_at", "2016-10-07 16:27:40.929388"], ["updated_at", "2016-10-07 16:27:40.929388"]]
  [1m[36m (3.0ms)[0m  [1mcommit transaction[0m
  [1m[35m (0.1ms)[0m  begin transaction
  [1m[36mSQL (1.8ms)[0m  [1mINSERT INTO "toys" ("name", "toyable_id", "toyable_type", "created_at", "updated_at") VALUES (?, ?, ?, ?, ?)[0m  [["name", "Impulse"], ["toyable_id", 3], ["toyable_type", "Corgi"], ["created_at", "2016-10-07 16:27:40.937237"], ["updated_at", "2016-10-07 16:27:40.937237"]]
  [1m[35m (2.8ms)[0m  commit transaction
  [1m[36m (0.2ms)[0m  [1mbegin transaction[0m
  [1m[35mSQL (0.3ms)[0m  INSERT INTO "toys" ("name", "toyable_id", "toyable_type", "created_at", "updated_at") VALUES (?, ?, ?, ?, ?)  [["name", "Morlun"], ["toyable_id", 6], ["toyable_type", "Corgi"], ["created_at", "2016-10-07 16:27:40.944779"], ["updated_at", "2016-10-07 16:27:40.944779"]]
  [1m[36m (6.1ms)[0m  [1mcommit transaction[0m
  [1m[35m (0.1ms)[0m  begin transaction
  [1m[36mSQL (0.6ms)[0m  [1mINSERT INTO "toys" ("name", "toyable_id", "toyable_type", "created_at", "updated_at") VALUES (?, ?, ?, ?, ?)[0m  [["name", "Ariel"], ["toyable_id", 10], ["toyable_type", "Corgi"], ["created_at", "2016-10-07 16:27:40.953103"], ["updated_at", "2016-10-07 16:27:40.953103"]]
  [1m[35m (2.5ms)[0m  commit transaction
  [1m[36m (0.1ms)[0m  [1mbegin transaction[0m
  [1m[35mSQL (0.3ms)[0m  INSERT INTO "toys" ("name", "toyable_id", "toyable_type", "created_at", "updated_at") VALUES (?, ?, ?, ?, ?)  [["name", "Havok III"], ["toyable_id", 11], ["toyable_type", "Corgi"], ["created_at", "2016-10-07 16:27:40.959673"], ["updated_at", "2016-10-07 16:27:40.959673"]]
  [1m[36m (2.6ms)[0m  [1mcommit transaction[0m
  [1m[35m (0.1ms)[0m  begin transaction
  [1m[36mSQL (0.7ms)[0m  [1mINSERT INTO "toys" ("name", "toyable_id", "toyable_type", "created_at", "updated_at") VALUES (?, ?, ?, ?, ?)[0m  [["name", "Redeemer X"], ["toyable_id", 3], ["toyable_type", "Cat"], ["created_at", "2016-10-07 16:27:40.964814"], ["updated_at", "2016-10-07 16:27:40.964814"]]
  [1m[35m (2.5ms)[0m  commit transaction
  [1m[36m (0.4ms)[0m  [1mbegin transaction[0m
  [1m[35mSQL (0.5ms)[0m  INSERT INTO "toys" ("name", "toyable_id", "toyable_type", "created_at", "updated_at") VALUES (?, ?, ?, ?, ?)  [["name", "General Corsair"], ["toyable_id", 6], ["toyable_type", "Cat"], ["created_at", "2016-10-07 16:27:40.971911"], ["updated_at", "2016-10-07 16:27:40.971911"]]
  [1m[36m (2.5ms)[0m  [1mcommit transaction[0m
  [1m[35m (0.1ms)[0m  begin transaction
  [1m[36mSQL (0.3ms)[0m  [1mINSERT INTO "toys" ("name", "toyable_id", "toyable_type", "created_at", "updated_at") VALUES (?, ?, ?, ?, ?)[0m  [["name", "Blizzard Man"], ["toyable_id", 2], ["toyable_type", "Cat"], ["created_at", "2016-10-07 16:27:40.976940"], ["updated_at", "2016-10-07 16:27:40.976940"]]
  [1m[35m (2.5ms)[0m  commit transaction
  [1m[36m (0.1ms)[0m  [1mbegin transaction[0m
  [1m[35mSQL (0.3ms)[0m  INSERT INTO "toys" ("name", "toyable_id", "toyable_type", "created_at", "updated_at") VALUES (?, ?, ?, ?, ?)  [["name", "Flash"], ["toyable_id", 8], ["toyable_type", "Corgi"], ["created_at", "2016-10-07 16:27:40.982036"], ["updated_at", "2016-10-07 16:27:40.982036"]]
  [1m[36m (2.5ms)[0m  [1mcommit transaction[0m
  [1m[35m (0.1ms)[0m  begin transaction
  [1m[36mSQL (1.1ms)[0m  [1mINSERT INTO "toys" ("name", "toyable_id", "toyable_type", "created_at", "updated_at") VALUES (?, ?, ?, ?, ?)[0m  [["name", "Giant Tinkerer"], ["toyable_id", 1], ["toyable_type", "Cat"], ["created_at", "2016-10-07 16:27:40.987743"], ["updated_at", "2016-10-07 16:27:40.987743"]]
  [1m[35m (2.7ms)[0m  commit transaction
  [1m[36m (0.1ms)[0m  [1mbegin transaction[0m
  [1m[35mSQL (0.3ms)[0m  INSERT INTO "toys" ("name", "toyable_id", "toyable_type", "created_at", "updated_at") VALUES (?, ?, ?, ?, ?)  [["name", "Illustrious Atlas Brain"], ["toyable_id", 9], ["toyable_type", "Cat"], ["created_at", "2016-10-07 16:27:40.994071"], ["updated_at", "2016-10-07 16:27:40.994071"]]
  [1m[36m (6.8ms)[0m  [1mcommit transaction[0m
  [1m[35m (0.1ms)[0m  begin transaction
  [1m[36mSQL (0.3ms)[0m  [1mINSERT INTO "toys" ("name", "toyable_id", "toyable_type", "created_at", "updated_at") VALUES (?, ?, ?, ?, ?)[0m  [["name", "General Shang-Chi Lord"], ["toyable_id", 5], ["toyable_type", "Cat"], ["created_at", "2016-10-07 16:27:41.003506"], ["updated_at", "2016-10-07 16:27:41.003506"]]
  [1m[35m (2.6ms)[0m  commit transaction
  [1m[36m (0.1ms)[0m  [1mbegin transaction[0m
  [1m[35mSQL (0.3ms)[0m  INSERT INTO "toys" ("name", "toyable_id", "toyable_type", "created_at", "updated_at") VALUES (?, ?, ?, ?, ?)  [["name", "Sage Brain"], ["toyable_id", 8], ["toyable_type", "Cat"], ["created_at", "2016-10-07 16:27:41.008092"], ["updated_at", "2016-10-07 16:27:41.008092"]]
  [1m[36m (2.5ms)[0m  [1mcommit transaction[0m
  [1m[35m (0.1ms)[0m  begin transaction
  [1m[36mSQL (0.4ms)[0m  [1mINSERT INTO "toys" ("name", "toyable_id", "toyable_type", "created_at", "updated_at") VALUES (?, ?, ?, ?, ?)[0m  [["name", "Valkyrie"], ["toyable_id", 7], ["toyable_type", "Corgi"], ["created_at", "2016-10-07 16:27:41.012828"], ["updated_at", "2016-10-07 16:27:41.012828"]]
  [1m[35m (2.4ms)[0m  commit transaction
  [1m[36m (0.1ms)[0m  [1mbegin transaction[0m
  [1m[35mSQL (0.3ms)[0m  INSERT INTO "toys" ("name", "toyable_id", "toyable_type", "created_at", "updated_at") VALUES (?, ?, ?, ?, ?)  [["name", "Match"], ["toyable_id", 5], ["toyable_type", "Cat"], ["created_at", "2016-10-07 16:27:41.018003"], ["updated_at", "2016-10-07 16:27:41.018003"]]
  [1m[36m (2.8ms)[0m  [1mcommit transaction[0m
  [1m[35m (0.1ms)[0m  begin transaction
  [1m[36mSQL (0.3ms)[0m  [1mINSERT INTO "toys" ("name", "toyable_id", "toyable_type", "created_at", "updated_at") VALUES (?, ?, ?, ?, ?)[0m  [["name", "Ultra Chameleon the Hunter"], ["toyable_id", 8], ["toyable_type", "Cat"], ["created_at", "2016-10-07 16:27:41.022866"], ["updated_at", "2016-10-07 16:27:41.022866"]]
  [1m[35m (2.4ms)[0m  commit transaction
  [1m[36m (0.1ms)[0m  [1mbegin transaction[0m
  [1m[35mSQL (0.3ms)[0m  INSERT INTO "toys" ("name", "toyable_id", "toyable_type", "created_at", "updated_at") VALUES (?, ?, ?, ?, ?)  [["name", "Chuck Norris of Hearts"], ["toyable_id", 5], ["toyable_type", "Cat"], ["created_at", "2016-10-07 16:27:41.027150"], ["updated_at", "2016-10-07 16:27:41.027150"]]
  [1m[36m (6.1ms)[0m  [1mcommit transaction[0m
  [1m[35m (0.1ms)[0m  begin transaction
  [1m[36mSQL (0.4ms)[0m  [1mINSERT INTO "toys" ("name", "toyable_id", "toyable_type", "created_at", "updated_at") VALUES (?, ?, ?, ?, ?)[0m  [["name", "The Onslaught Brain"], ["toyable_id", 4], ["toyable_type", "Cat"], ["created_at", "2016-10-07 16:27:41.035158"], ["updated_at", "2016-10-07 16:27:41.035158"]]
  [1m[35m (3.2ms)[0m  commit transaction
  [1m[36m (0.1ms)[0m  [1mbegin transaction[0m
  [1m[35mSQL (0.3ms)[0m  INSERT INTO "toys" ("name", "toyable_id", "toyable_type", "created_at", "updated_at") VALUES (?, ?, ?, ?, ?)  [["name", "Ultra Ant Wolf"], ["toyable_id", 3], ["toyable_type", "Corgi"], ["created_at", "2016-10-07 16:27:41.041729"], ["updated_at", "2016-10-07 16:27:41.041729"]]
  [1m[36m (2.6ms)[0m  [1mcommit transaction[0m
  [1m[36mToy Load (1.7ms)[0m  [1mSELECT "toys".* FROM "toys"[0m
  [1m[35mCat Load (7.2ms)[0m  SELECT "cats".* FROM "cats"
  [1m[36mCat Load (8.3ms)[0m  [1mSELECT "cats".* FROM "cats"[0m
  [1m[35mCorgi Load (2.1ms)[0m  SELECT "corgis".* FROM "corgis"
  [1m[36mToy Load (4.7ms)[0m  [1mSELECT "toys".* FROM "toys"[0m


Started GET "/" for ::1 at 2016-10-07 10:00:02 -0700
  [1m[36mActiveRecord::SchemaMigration Load (2.4ms)[0m  [1mSELECT "schema_migrations".* FROM "schema_migrations"[0m
Processing by Rails::WelcomeController#index as HTML
  Rendered /Users/anudeepkasturi/.rbenv/versions/2.3.1/lib/ruby/gems/2.3.0/gems/railties-4.2.4/lib/rails/templates/rails/welcome/index.html.erb (5.2ms)
Completed 200 OK in 41ms (Views: 28.1ms | ActiveRecord: 0.0ms)


Started GET "/cats" for ::1 at 2016-10-07 10:00:08 -0700
Processing by CatsController#index as HTML
  Rendered cats/index.html.erb within layouts/application (1.6ms)
Completed 500 Internal Server Error in 22ms (ActiveRecord: 0.0ms)

SyntaxError - syntax error, unexpected keyword_ensure, expecting keyword_end
/Users/anudeepkasturi/Documents/App Academy/Homeworks/Rails/ToyApp/app/views/cats/index.html.erb:12: syntax error, unexpected end-of-input, expecting keyword_end:
  app/views/cats/index.html.erb:10:in `'
  actionview (4.2.4) lib/action_view/template.rb:296:in `compile'
  actionview (4.2.4) lib/action_view/template.rb:245:in `block (2 levels) in compile!'
  activesupport (4.2.4) lib/active_support/notifications.rb:166:in `instrument'
  actionview (4.2.4) lib/action_view/template.rb:333:in `instrument'
  actionview (4.2.4) lib/action_view/template.rb:244:in `block in compile!'
  actionview (4.2.4) lib/action_view/template.rb:232:in `compile!'
  actionview (4.2.4) lib/action_view/template.rb:144:in `block in render'
  activesupport (4.2.4) lib/active_support/notifications.rb:166:in `instrument'
  actionview (4.2.4) lib/action_view/template.rb:333:in `instrument'
  actionview (4.2.4) lib/action_view/template.rb:143:in `render'
  actionview (4.2.4) lib/action_view/renderer/template_renderer.rb:54:in `block (2 levels) in render_template'
  actionview (4.2.4) lib/action_view/renderer/abstract_renderer.rb:39:in `block in instrument'
  activesupport (4.2.4) lib/active_support/notifications.rb:164:in `block in instrument'
  activesupport (4.2.4) lib/active_support/notifications/instrumenter.rb:20:in `instrument'
  activesupport (4.2.4) lib/active_support/notifications.rb:164:in `instrument'
  actionview (4.2.4) lib/action_view/renderer/abstract_renderer.rb:39:in `instrument'
  actionview (4.2.4) lib/action_view/renderer/template_renderer.rb:53:in `block in render_template'
  actionview (4.2.4) lib/action_view/renderer/template_renderer.rb:61:in `render_with_layout'
  actionview (4.2.4) lib/action_view/renderer/template_renderer.rb:52:in `render_template'
  actionview (4.2.4) lib/action_view/renderer/template_renderer.rb:14:in `render'
  actionview (4.2.4) lib/action_view/renderer/renderer.rb:42:in `render_template'
  actionview (4.2.4) lib/action_view/renderer/renderer.rb:23:in `render'
  actionview (4.2.4) lib/action_view/rendering.rb:100:in `_render_template'
  actionpack (4.2.4) lib/action_controller/metal/streaming.rb:217:in `_render_template'
  actionview (4.2.4) lib/action_view/rendering.rb:83:in `render_to_body'
  actionpack (4.2.4) lib/action_controller/metal/rendering.rb:32:in `render_to_body'
  actionpack (4.2.4) lib/action_controller/metal/renderers.rb:37:in `render_to_body'
  actionpack (4.2.4) lib/abstract_controller/rendering.rb:25:in `render'
  actionpack (4.2.4) lib/action_controller/metal/rendering.rb:16:in `render'
  actionpack (4.2.4) lib/action_controller/metal/instrumentation.rb:44:in `block (2 levels) in render'
  activesupport (4.2.4) lib/active_support/core_ext/benchmark.rb:12:in `block in ms'
  /Users/anudeepkasturi/.rbenv/versions/2.3.1/lib/ruby/2.3.0/benchmark.rb:308:in `realtime'
  activesupport (4.2.4) lib/active_support/core_ext/benchmark.rb:12:in `ms'
  actionpack (4.2.4) lib/action_controller/metal/instrumentation.rb:44:in `block in render'
  actionpack (4.2.4) lib/action_controller/metal/instrumentation.rb:87:in `cleanup_view_runtime'
  activerecord (4.2.4) lib/active_record/railties/controller_runtime.rb:25:in `cleanup_view_runtime'
  actionpack (4.2.4) lib/action_controller/metal/instrumentation.rb:43:in `render'
  actionpack (4.2.4) lib/action_controller/metal/implicit_render.rb:10:in `default_render'
  actionpack (4.2.4) lib/action_controller/metal/implicit_render.rb:5:in `send_action'
  actionpack (4.2.4) lib/abstract_controller/base.rb:198:in `process_action'
  actionpack (4.2.4) lib/action_controller/metal/rendering.rb:10:in `process_action'
  actionpack (4.2.4) lib/abstract_controller/callbacks.rb:20:in `block in process_action'
  activesupport (4.2.4) lib/active_support/callbacks.rb:117:in `call'
  activesupport (4.2.4) lib/active_support/callbacks.rb:555:in `block (2 levels) in compile'
  activesupport (4.2.4) lib/active_support/callbacks.rb:505:in `call'
  activesupport (4.2.4) lib/active_support/callbacks.rb:92:in `__run_callbacks__'
  activesupport (4.2.4) lib/active_support/callbacks.rb:778:in `_run_process_action_callbacks'
  activesupport (4.2.4) lib/active_support/callbacks.rb:81:in `run_callbacks'
  actionpack (4.2.4) lib/abstract_controller/callbacks.rb:19:in `process_action'
  actionpack (4.2.4) lib/action_controller/metal/rescue.rb:29:in `process_action'
  actionpack (4.2.4) lib/action_controller/metal/instrumentation.rb:32:in `block in process_action'
  activesupport (4.2.4) lib/active_support/notifications.rb:164:in `block in instrument'
  activesupport (4.2.4) lib/active_support/notifications/instrumenter.rb:20:in `instrument'
  activesupport (4.2.4) lib/active_support/notifications.rb:164:in `instrument'
  actionpack (4.2.4) lib/action_controller/metal/instrumentation.rb:30:in `process_action'
  actionpack (4.2.4) lib/action_controller/metal/params_wrapper.rb:250:in `process_action'
  activerecord (4.2.4) lib/active_record/railties/controller_runtime.rb:18:in `process_action'
  actionpack (4.2.4) lib/abstract_controller/base.rb:137:in `process'
  actionview (4.2.4) lib/action_view/rendering.rb:30:in `process'
  actionpack (4.2.4) lib/action_controller/metal.rb:196:in `dispatch'
  actionpack (4.2.4) lib/action_controller/metal/rack_delegation.rb:13:in `dispatch'
  actionpack (4.2.4) lib/action_controller/metal.rb:237:in `block in action'
  actionpack (4.2.4) lib/action_dispatch/routing/route_set.rb:76:in `dispatch'
  actionpack (4.2.4) lib/action_dispatch/routing/route_set.rb:45:in `serve'
  actionpack (4.2.4) lib/action_dispatch/journey/router.rb:43:in `block in serve'
  actionpack (4.2.4) lib/action_dispatch/journey/router.rb:30:in `serve'
  actionpack (4.2.4) lib/action_dispatch/routing/route_set.rb:821:in `call'
  rack (1.6.4) lib/rack/etag.rb:24:in `call'
  rack (1.6.4) lib/rack/conditionalget.rb:25:in `call'
  rack (1.6.4) lib/rack/head.rb:13:in `call'
  actionpack (4.2.4) lib/action_dispatch/middleware/params_parser.rb:27:in `call'
  actionpack (4.2.4) lib/action_dispatch/middleware/flash.rb:260:in `call'
  rack (1.6.4) lib/rack/session/abstract/id.rb:225:in `context'
  rack (1.6.4) lib/rack/session/abstract/id.rb:220:in `call'
  actionpack (4.2.4) lib/action_dispatch/middleware/cookies.rb:560:in `call'
  activerecord (4.2.4) lib/active_record/query_cache.rb:36:in `call'
  activerecord (4.2.4) lib/active_record/connection_adapters/abstract/connection_pool.rb:653:in `call'
  activerecord (4.2.4) lib/active_record/migration.rb:377:in `call'
  actionpack (4.2.4) lib/action_dispatch/middleware/callbacks.rb:29:in `block in call'
  activesupport (4.2.4) lib/active_support/callbacks.rb:88:in `__run_callbacks__'
  activesupport (4.2.4) lib/active_support/callbacks.rb:778:in `_run_call_callbacks'
  activesupport (4.2.4) lib/active_support/callbacks.rb:81:in `run_callbacks'
  actionpack (4.2.4) lib/action_dispatch/middleware/callbacks.rb:27:in `call'
  actionpack (4.2.4) lib/action_dispatch/middleware/reloader.rb:73:in `call'
  actionpack (4.2.4) lib/action_dispatch/middleware/remote_ip.rb:78:in `call'
  better_errors (2.1.1) lib/better_errors/middleware.rb:84:in `protected_app_call'
  better_errors (2.1.1) lib/better_errors/middleware.rb:79:in `better_errors_call'
  better_errors (2.1.1) lib/better_errors/middleware.rb:57:in `call'
  actionpack (4.2.4) lib/action_dispatch/middleware/debug_exceptions.rb:17:in `call'
  web-console (2.3.0) lib/web_console/middleware.rb:28:in `block in call'
  web-console (2.3.0) lib/web_console/middleware.rb:18:in `call'
  actionpack (4.2.4) lib/action_dispatch/middleware/show_exceptions.rb:30:in `call'
  railties (4.2.4) lib/rails/rack/logger.rb:38:in `call_app'
  railties (4.2.4) lib/rails/rack/logger.rb:20:in `block in call'
  activesupport (4.2.4) lib/active_support/tagged_logging.rb:68:in `block in tagged'
  activesupport (4.2.4) lib/active_support/tagged_logging.rb:26:in `tagged'
  activesupport (4.2.4) lib/active_support/tagged_logging.rb:68:in `tagged'
  railties (4.2.4) lib/rails/rack/logger.rb:20:in `call'
  actionpack (4.2.4) lib/action_dispatch/middleware/request_id.rb:21:in `call'
  rack (1.6.4) lib/rack/methodoverride.rb:22:in `call'
  rack (1.6.4) lib/rack/runtime.rb:18:in `call'
  activesupport (4.2.4) lib/active_support/cache/strategy/local_cache_middleware.rb:28:in `call'
  rack (1.6.4) lib/rack/lock.rb:17:in `call'
  actionpack (4.2.4) lib/action_dispatch/middleware/static.rb:116:in `call'
  rack (1.6.4) lib/rack/sendfile.rb:113:in `call'
  railties (4.2.4) lib/rails/engine.rb:518:in `call'
  railties (4.2.4) lib/rails/application.rb:165:in `call'
  rack (1.6.4) lib/rack/lock.rb:17:in `call'
  rack (1.6.4) lib/rack/content_length.rb:15:in `call'
  rack (1.6.4) lib/rack/handler/webrick.rb:88:in `service'
  /Users/anudeepkasturi/.rbenv/versions/2.3.1/lib/ruby/2.3.0/webrick/httpserver.rb:140:in `service'
  /Users/anudeepkasturi/.rbenv/versions/2.3.1/lib/ruby/2.3.0/webrick/httpserver.rb:96:in `run'
  /Users/anudeepkasturi/.rbenv/versions/2.3.1/lib/ruby/2.3.0/webrick/server.rb:296:in `block in start_thread'



Started POST "/__better_errors/e6f18ea8d5fd1609/variables" for ::1 at 2016-10-07 10:00:09 -0700


Started GET "/cats" for ::1 at 2016-10-07 10:00:27 -0700
Processing by CatsController#index as HTML
  Rendered cats/index.html.erb within layouts/application (0.6ms)
Completed 200 OK in 1924ms (Views: 1922.9ms | ActiveRecord: 0.0ms)


Started GET "/assets/application.self-e80e8f2318043e8af94dddc2adad5a4f09739a8ebb323b3ab31cd71d45fd9113.css?body=1" for ::1 at 2016-10-07 10:00:29 -0700


Started GET "/assets/jquery.self-660adc51e0224b731d29f575a6f1ec167ba08ad06ed5deca4f1e8654c135bf4c.js?body=1" for ::1 at 2016-10-07 10:00:29 -0700


Started GET "/assets/jquery_ujs.self-e87806d0cf4489aeb1bb7288016024e8de67fd18db693fe026fe3907581e53cd.js?body=1" for ::1 at 2016-10-07 10:00:29 -0700


Started GET "/assets/turbolinks.self-c37727e9bd6b2735da5c311aa83fead54ed0be6cc8bd9a65309e9c5abe2cbfff.js?body=1" for ::1 at 2016-10-07 10:00:29 -0700


Started GET "/assets/application.self-3b8dabdc891efe46b9a144b400ad69e37d7e5876bdc39dee783419a69d7ca819.js?body=1" for ::1 at 2016-10-07 10:00:29 -0700
  [1m[35mCat Load (1.1ms)[0m  SELECT "cats".* FROM "cats"


Started GET "/cats" for ::1 at 2016-10-07 10:01:05 -0700
Processing by CatsController#index as HTML
Completed 500 Internal Server Error in 9ms (ActiveRecord: 0.0ms)

RuntimeError - :
  app/controllers/cats_controller.rb:5:in `index'
  actionpack (4.2.4) lib/action_controller/metal/implicit_render.rb:4:in `send_action'
  actionpack (4.2.4) lib/abstract_controller/base.rb:198:in `process_action'
  actionpack (4.2.4) lib/action_controller/metal/rendering.rb:10:in `process_action'
  actionpack (4.2.4) lib/abstract_controller/callbacks.rb:20:in `block in process_action'
  activesupport (4.2.4) lib/active_support/callbacks.rb:117:in `call'
  activesupport (4.2.4) lib/active_support/callbacks.rb:555:in `block (2 levels) in compile'
  activesupport (4.2.4) lib/active_support/callbacks.rb:505:in `call'
  activesupport (4.2.4) lib/active_support/callbacks.rb:92:in `__run_callbacks__'
  activesupport (4.2.4) lib/active_support/callbacks.rb:778:in `_run_process_action_callbacks'
  activesupport (4.2.4) lib/active_support/callbacks.rb:81:in `run_callbacks'
  actionpack (4.2.4) lib/abstract_controller/callbacks.rb:19:in `process_action'
  actionpack (4.2.4) lib/action_controller/metal/rescue.rb:29:in `process_action'
  actionpack (4.2.4) lib/action_controller/metal/instrumentation.rb:32:in `block in process_action'
  activesupport (4.2.4) lib/active_support/notifications.rb:164:in `block in instrument'
  activesupport (4.2.4) lib/active_support/notifications/instrumenter.rb:20:in `instrument'
  activesupport (4.2.4) lib/active_support/notifications.rb:164:in `instrument'
  actionpack (4.2.4) lib/action_controller/metal/instrumentation.rb:30:in `process_action'
  actionpack (4.2.4) lib/action_controller/metal/params_wrapper.rb:250:in `process_action'
  activerecord (4.2.4) lib/active_record/railties/controller_runtime.rb:18:in `process_action'
  actionpack (4.2.4) lib/abstract_controller/base.rb:137:in `process'
  actionview (4.2.4) lib/action_view/rendering.rb:30:in `process'
  actionpack (4.2.4) lib/action_controller/metal.rb:196:in `dispatch'
  actionpack (4.2.4) lib/action_controller/metal/rack_delegation.rb:13:in `dispatch'
  actionpack (4.2.4) lib/action_controller/metal.rb:237:in `block in action'
  actionpack (4.2.4) lib/action_dispatch/routing/route_set.rb:76:in `dispatch'
  actionpack (4.2.4) lib/action_dispatch/routing/route_set.rb:45:in `serve'
  actionpack (4.2.4) lib/action_dispatch/journey/router.rb:43:in `block in serve'
  actionpack (4.2.4) lib/action_dispatch/journey/router.rb:30:in `serve'
  actionpack (4.2.4) lib/action_dispatch/routing/route_set.rb:821:in `call'
  rack (1.6.4) lib/rack/etag.rb:24:in `call'
  rack (1.6.4) lib/rack/conditionalget.rb:25:in `call'
  rack (1.6.4) lib/rack/head.rb:13:in `call'
  actionpack (4.2.4) lib/action_dispatch/middleware/params_parser.rb:27:in `call'
  actionpack (4.2.4) lib/action_dispatch/middleware/flash.rb:260:in `call'
  rack (1.6.4) lib/rack/session/abstract/id.rb:225:in `context'
  rack (1.6.4) lib/rack/session/abstract/id.rb:220:in `call'
  actionpack (4.2.4) lib/action_dispatch/middleware/cookies.rb:560:in `call'
  activerecord (4.2.4) lib/active_record/query_cache.rb:36:in `call'
  activerecord (4.2.4) lib/active_record/connection_adapters/abstract/connection_pool.rb:653:in `call'
  activerecord (4.2.4) lib/active_record/migration.rb:377:in `call'
  actionpack (4.2.4) lib/action_dispatch/middleware/callbacks.rb:29:in `block in call'
  activesupport (4.2.4) lib/active_support/callbacks.rb:88:in `__run_callbacks__'
  activesupport (4.2.4) lib/active_support/callbacks.rb:778:in `_run_call_callbacks'
  activesupport (4.2.4) lib/active_support/callbacks.rb:81:in `run_callbacks'
  actionpack (4.2.4) lib/action_dispatch/middleware/callbacks.rb:27:in `call'
  actionpack (4.2.4) lib/action_dispatch/middleware/reloader.rb:73:in `call'
  actionpack (4.2.4) lib/action_dispatch/middleware/remote_ip.rb:78:in `call'
  better_errors (2.1.1) lib/better_errors/middleware.rb:84:in `protected_app_call'
  better_errors (2.1.1) lib/better_errors/middleware.rb:79:in `better_errors_call'
  better_errors (2.1.1) lib/better_errors/middleware.rb:57:in `call'
  actionpack (4.2.4) lib/action_dispatch/middleware/debug_exceptions.rb:17:in `call'
  web-console (2.3.0) lib/web_console/middleware.rb:28:in `block in call'
  web-console (2.3.0) lib/web_console/middleware.rb:18:in `call'
  actionpack (4.2.4) lib/action_dispatch/middleware/show_exceptions.rb:30:in `call'
  railties (4.2.4) lib/rails/rack/logger.rb:38:in `call_app'
  railties (4.2.4) lib/rails/rack/logger.rb:20:in `block in call'
  activesupport (4.2.4) lib/active_support/tagged_logging.rb:68:in `block in tagged'
  activesupport (4.2.4) lib/active_support/tagged_logging.rb:26:in `tagged'
  activesupport (4.2.4) lib/active_support/tagged_logging.rb:68:in `tagged'
  railties (4.2.4) lib/rails/rack/logger.rb:20:in `call'
  actionpack (4.2.4) lib/action_dispatch/middleware/request_id.rb:21:in `call'
  rack (1.6.4) lib/rack/methodoverride.rb:22:in `call'
  rack (1.6.4) lib/rack/runtime.rb:18:in `call'
  activesupport (4.2.4) lib/active_support/cache/strategy/local_cache_middleware.rb:28:in `call'
  rack (1.6.4) lib/rack/lock.rb:17:in `call'
  actionpack (4.2.4) lib/action_dispatch/middleware/static.rb:116:in `call'
  rack (1.6.4) lib/rack/sendfile.rb:113:in `call'
  railties (4.2.4) lib/rails/engine.rb:518:in `call'
  railties (4.2.4) lib/rails/application.rb:165:in `call'
  rack (1.6.4) lib/rack/lock.rb:17:in `call'
  rack (1.6.4) lib/rack/content_length.rb:15:in `call'
  rack (1.6.4) lib/rack/handler/webrick.rb:88:in `service'
  /Users/anudeepkasturi/.rbenv/versions/2.3.1/lib/ruby/2.3.0/webrick/httpserver.rb:140:in `service'
  /Users/anudeepkasturi/.rbenv/versions/2.3.1/lib/ruby/2.3.0/webrick/httpserver.rb:96:in `run'
  /Users/anudeepkasturi/.rbenv/versions/2.3.1/lib/ruby/2.3.0/webrick/server.rb:296:in `block in start_thread'



Started POST "/__better_errors/33c66632205520c3/variables" for ::1 at 2016-10-07 10:01:06 -0700
  [1m[35mCat Load (2.4ms)[0m  SELECT "cats".* FROM "cats"


Started POST "/__better_errors/33c66632205520c3/eval" for ::1 at 2016-10-07 10:01:08 -0700


Started GET "/cats" for ::1 at 2016-10-07 10:01:39 -0700
Processing by CatsController#index as HTML
Completed 500 Internal Server Error in 3ms (ActiveRecord: 0.0ms)

RuntimeError - :
  app/controllers/cats_controller.rb:5:in `index'
  actionpack (4.2.4) lib/action_controller/metal/implicit_render.rb:4:in `send_action'
  actionpack (4.2.4) lib/abstract_controller/base.rb:198:in `process_action'
  actionpack (4.2.4) lib/action_controller/metal/rendering.rb:10:in `process_action'
  actionpack (4.2.4) lib/abstract_controller/callbacks.rb:20:in `block in process_action'
  activesupport (4.2.4) lib/active_support/callbacks.rb:117:in `call'
  activesupport (4.2.4) lib/active_support/callbacks.rb:555:in `block (2 levels) in compile'
  activesupport (4.2.4) lib/active_support/callbacks.rb:505:in `call'
  activesupport (4.2.4) lib/active_support/callbacks.rb:92:in `__run_callbacks__'
  activesupport (4.2.4) lib/active_support/callbacks.rb:778:in `_run_process_action_callbacks'
  activesupport (4.2.4) lib/active_support/callbacks.rb:81:in `run_callbacks'
  actionpack (4.2.4) lib/abstract_controller/callbacks.rb:19:in `process_action'
  actionpack (4.2.4) lib/action_controller/metal/rescue.rb:29:in `process_action'
  actionpack (4.2.4) lib/action_controller/metal/instrumentation.rb:32:in `block in process_action'
  activesupport (4.2.4) lib/active_support/notifications.rb:164:in `block in instrument'
  activesupport (4.2.4) lib/active_support/notifications/instrumenter.rb:20:in `instrument'
  activesupport (4.2.4) lib/active_support/notifications.rb:164:in `instrument'
  actionpack (4.2.4) lib/action_controller/metal/instrumentation.rb:30:in `process_action'
  actionpack (4.2.4) lib/action_controller/metal/params_wrapper.rb:250:in `process_action'
  activerecord (4.2.4) lib/active_record/railties/controller_runtime.rb:18:in `process_action'
  actionpack (4.2.4) lib/abstract_controller/base.rb:137:in `process'
  actionview (4.2.4) lib/action_view/rendering.rb:30:in `process'
  actionpack (4.2.4) lib/action_controller/metal.rb:196:in `dispatch'
  actionpack (4.2.4) lib/action_controller/metal/rack_delegation.rb:13:in `dispatch'
  actionpack (4.2.4) lib/action_controller/metal.rb:237:in `block in action'
  actionpack (4.2.4) lib/action_dispatch/routing/route_set.rb:76:in `dispatch'
  actionpack (4.2.4) lib/action_dispatch/routing/route_set.rb:45:in `serve'
  actionpack (4.2.4) lib/action_dispatch/journey/router.rb:43:in `block in serve'
  actionpack (4.2.4) lib/action_dispatch/journey/router.rb:30:in `serve'
  actionpack (4.2.4) lib/action_dispatch/routing/route_set.rb:821:in `call'
  rack (1.6.4) lib/rack/etag.rb:24:in `call'
  rack (1.6.4) lib/rack/conditionalget.rb:25:in `call'
  rack (1.6.4) lib/rack/head.rb:13:in `call'
  actionpack (4.2.4) lib/action_dispatch/middleware/params_parser.rb:27:in `call'
  actionpack (4.2.4) lib/action_dispatch/middleware/flash.rb:260:in `call'
  rack (1.6.4) lib/rack/session/abstract/id.rb:225:in `context'
  rack (1.6.4) lib/rack/session/abstract/id.rb:220:in `call'
  actionpack (4.2.4) lib/action_dispatch/middleware/cookies.rb:560:in `call'
  activerecord (4.2.4) lib/active_record/query_cache.rb:36:in `call'
  activerecord (4.2.4) lib/active_record/connection_adapters/abstract/connection_pool.rb:653:in `call'
  activerecord (4.2.4) lib/active_record/migration.rb:377:in `call'
  actionpack (4.2.4) lib/action_dispatch/middleware/callbacks.rb:29:in `block in call'
  activesupport (4.2.4) lib/active_support/callbacks.rb:88:in `__run_callbacks__'
  activesupport (4.2.4) lib/active_support/callbacks.rb:778:in `_run_call_callbacks'
  activesupport (4.2.4) lib/active_support/callbacks.rb:81:in `run_callbacks'
  actionpack (4.2.4) lib/action_dispatch/middleware/callbacks.rb:27:in `call'
  actionpack (4.2.4) lib/action_dispatch/middleware/reloader.rb:73:in `call'
  actionpack (4.2.4) lib/action_dispatch/middleware/remote_ip.rb:78:in `call'
  better_errors (2.1.1) lib/better_errors/middleware.rb:84:in `protected_app_call'
  better_errors (2.1.1) lib/better_errors/middleware.rb:79:in `better_errors_call'
  better_errors (2.1.1) lib/better_errors/middleware.rb:57:in `call'
  actionpack (4.2.4) lib/action_dispatch/middleware/debug_exceptions.rb:17:in `call'
  web-console (2.3.0) lib/web_console/middleware.rb:28:in `block in call'
  web-console (2.3.0) lib/web_console/middleware.rb:18:in `call'
  actionpack (4.2.4) lib/action_dispatch/middleware/show_exceptions.rb:30:in `call'
  railties (4.2.4) lib/rails/rack/logger.rb:38:in `call_app'
  railties (4.2.4) lib/rails/rack/logger.rb:20:in `block in call'
  activesupport (4.2.4) lib/active_support/tagged_logging.rb:68:in `block in tagged'
  activesupport (4.2.4) lib/active_support/tagged_logging.rb:26:in `tagged'
  activesupport (4.2.4) lib/active_support/tagged_logging.rb:68:in `tagged'
  railties (4.2.4) lib/rails/rack/logger.rb:20:in `call'
  actionpack (4.2.4) lib/action_dispatch/middleware/request_id.rb:21:in `call'
  rack (1.6.4) lib/rack/methodoverride.rb:22:in `call'
  rack (1.6.4) lib/rack/runtime.rb:18:in `call'
  activesupport (4.2.4) lib/active_support/cache/strategy/local_cache_middleware.rb:28:in `call'
  rack (1.6.4) lib/rack/lock.rb:17:in `call'
  actionpack (4.2.4) lib/action_dispatch/middleware/static.rb:116:in `call'
  rack (1.6.4) lib/rack/sendfile.rb:113:in `call'
  railties (4.2.4) lib/rails/engine.rb:518:in `call'
  railties (4.2.4) lib/rails/application.rb:165:in `call'
  rack (1.6.4) lib/rack/lock.rb:17:in `call'
  rack (1.6.4) lib/rack/content_length.rb:15:in `call'
  rack (1.6.4) lib/rack/handler/webrick.rb:88:in `service'
  /Users/anudeepkasturi/.rbenv/versions/2.3.1/lib/ruby/2.3.0/webrick/httpserver.rb:140:in `service'
  /Users/anudeepkasturi/.rbenv/versions/2.3.1/lib/ruby/2.3.0/webrick/httpserver.rb:96:in `run'
  /Users/anudeepkasturi/.rbenv/versions/2.3.1/lib/ruby/2.3.0/webrick/server.rb:296:in `block in start_thread'



Started POST "/__better_errors/697e05444b10b457/variables" for ::1 at 2016-10-07 10:01:40 -0700
  [1m[36mCat Load (2.7ms)[0m  [1mSELECT "cats".* FROM "cats"[0m


Started POST "/__better_errors/697e05444b10b457/eval" for ::1 at 2016-10-07 10:01:44 -0700


Started GET "/cats" for ::1 at 2016-10-07 10:01:53 -0700
Processing by CatsController#index as HTML
  Rendered cats/index.html.erb within layouts/application (0.6ms)
Completed 200 OK in 43ms (Views: 40.5ms | ActiveRecord: 0.0ms)


Started GET "/assets/application.self-e80e8f2318043e8af94dddc2adad5a4f09739a8ebb323b3ab31cd71d45fd9113.css?body=1" for ::1 at 2016-10-07 10:01:53 -0700


Started GET "/assets/jquery_ujs.self-e87806d0cf4489aeb1bb7288016024e8de67fd18db693fe026fe3907581e53cd.js?body=1" for ::1 at 2016-10-07 10:01:53 -0700


Started GET "/assets/jquery.self-660adc51e0224b731d29f575a6f1ec167ba08ad06ed5deca4f1e8654c135bf4c.js?body=1" for ::1 at 2016-10-07 10:01:53 -0700


Started GET "/assets/application.self-3b8dabdc891efe46b9a144b400ad69e37d7e5876bdc39dee783419a69d7ca819.js?body=1" for ::1 at 2016-10-07 10:01:53 -0700


Started GET "/assets/turbolinks.self-c37727e9bd6b2735da5c311aa83fead54ed0be6cc8bd9a65309e9c5abe2cbfff.js?body=1" for ::1 at 2016-10-07 10:01:53 -0700


Started GET "/cats" for ::1 at 2016-10-07 10:02:39 -0700
Processing by CatsController#index as HTML
  Rendered cats/index.html.erb within layouts/application (0.7ms)
Completed 200 OK in 17ms (Views: 16.3ms | ActiveRecord: 0.0ms)


Started GET "/assets/application.self-e80e8f2318043e8af94dddc2adad5a4f09739a8ebb323b3ab31cd71d45fd9113.css?body=1" for ::1 at 2016-10-07 10:02:39 -0700


Started GET "/assets/jquery.self-660adc51e0224b731d29f575a6f1ec167ba08ad06ed5deca4f1e8654c135bf4c.js?body=1" for ::1 at 2016-10-07 10:02:39 -0700


Started GET "/assets/jquery_ujs.self-e87806d0cf4489aeb1bb7288016024e8de67fd18db693fe026fe3907581e53cd.js?body=1" for ::1 at 2016-10-07 10:02:39 -0700


Started GET "/assets/application.self-3b8dabdc891efe46b9a144b400ad69e37d7e5876bdc39dee783419a69d7ca819.js?body=1" for ::1 at 2016-10-07 10:02:39 -0700


Started GET "/assets/turbolinks.self-c37727e9bd6b2735da5c311aa83fead54ed0be6cc8bd9a65309e9c5abe2cbfff.js?body=1" for ::1 at 2016-10-07 10:02:39 -0700


Started GET "/cats" for ::1 at 2016-10-07 10:03:06 -0700
Processing by CatsController#index as HTML
  Rendered cats/index.html.erb within layouts/application (0.5ms)
Completed 200 OK in 12ms (Views: 11.9ms | ActiveRecord: 0.0ms)


Started GET "/assets/application.self-e80e8f2318043e8af94dddc2adad5a4f09739a8ebb323b3ab31cd71d45fd9113.css?body=1" for ::1 at 2016-10-07 10:03:06 -0700


Started GET "/assets/jquery.self-660adc51e0224b731d29f575a6f1ec167ba08ad06ed5deca4f1e8654c135bf4c.js?body=1" for ::1 at 2016-10-07 10:03:06 -0700


Started GET "/assets/jquery_ujs.self-e87806d0cf4489aeb1bb7288016024e8de67fd18db693fe026fe3907581e53cd.js?body=1" for ::1 at 2016-10-07 10:03:06 -0700


Started GET "/assets/turbolinks.self-c37727e9bd6b2735da5c311aa83fead54ed0be6cc8bd9a65309e9c5abe2cbfff.js?body=1" for ::1 at 2016-10-07 10:03:06 -0700


Started GET "/assets/application.self-3b8dabdc891efe46b9a144b400ad69e37d7e5876bdc39dee783419a69d7ca819.js?body=1" for ::1 at 2016-10-07 10:03:06 -0700


Started GET "/cats" for ::1 at 2016-10-07 10:03:19 -0700
Processing by CatsController#index as HTML
  Rendered cats/index.html.erb within layouts/application (0.5ms)
Completed 200 OK in 13ms (Views: 12.8ms | ActiveRecord: 0.0ms)


Started GET "/assets/application.self-e80e8f2318043e8af94dddc2adad5a4f09739a8ebb323b3ab31cd71d45fd9113.css?body=1" for ::1 at 2016-10-07 10:03:19 -0700


Started GET "/assets/jquery_ujs.self-e87806d0cf4489aeb1bb7288016024e8de67fd18db693fe026fe3907581e53cd.js?body=1" for ::1 at 2016-10-07 10:03:19 -0700


Started GET "/assets/jquery.self-660adc51e0224b731d29f575a6f1ec167ba08ad06ed5deca4f1e8654c135bf4c.js?body=1" for ::1 at 2016-10-07 10:03:19 -0700


Started GET "/assets/turbolinks.self-c37727e9bd6b2735da5c311aa83fead54ed0be6cc8bd9a65309e9c5abe2cbfff.js?body=1" for ::1 at 2016-10-07 10:03:19 -0700


Started GET "/assets/application.self-3b8dabdc891efe46b9a144b400ad69e37d7e5876bdc39dee783419a69d7ca819.js?body=1" for ::1 at 2016-10-07 10:03:19 -0700
